<?xml version="1.0" encoding="UTF-8"?>
<beans xmlns="http://www.springframework.org/schema/beans"
       xmlns:xsi="http://www.w3.org/2001/XMLSchema-instance"
       xmlns:context="http://www.springframework.org/schema/context"
       xsi:schemaLocation="http://www.springframework.org/schema/beans 
	   					   http://www.springframework.org/schema/beans/spring-beans.xsd
	   					   http://www.springframework.org/schema/context
	   					   http://www.springframework.org/schema/context/spring-context.xsd">

 <bean id="authTestRepositoryStub" 
 	   class="com.vmware.talentboost.spring.test.AuthenticateTestRepositoryStub"/>

 <bean id="accountManagerTestBean" class="com.vmware.talentboost.spring.impl.AccountManager">
 	<constructor-arg name="repo" ref="authTestRepositoryStub"/>
 </bean>
</beans>